[INFO] Scanning for projects...
[INFO] 
[INFO] ------------< org.example.afi_extincion.job:ETL_criterios >-------------
[INFO] Building AFI_EXTINCION ETL_criterios-1.1.0 (1.1,Job Designs) 1.1.0
[INFO]   from pom.xml
[INFO] --------------------------------[ jar ]---------------------------------
[WARNING] The POM for org.talend.components:talendcsv:jar:1.1.0 is missing, no dependency information available
[INFO] 
[INFO] --- resources:3.3.1:resources (default-resources) @ ETL_criterios ---
[WARNING] Using platform encoding (UTF-8 actually) to copy filtered resources, i.e. build is platform dependent!
[INFO] Copying 1 resource from src\main\resources to target\classes
[INFO] 
[INFO] --- compiler:3.11.0:compile (default-compile) @ ETL_criterios ---
[INFO] Not compiling main sources
[INFO] 
[INFO] --- resources:3.3.1:testResources (default-testResources) @ ETL_criterios ---
[INFO] Not copying test resources
[INFO] 
[INFO] --- compiler:3.11.0:testCompile (default-testCompile) @ ETL_criterios ---
[INFO] Not compiling test sources
[INFO] 
[INFO] --- surefire:2.22.2:test (default-test) @ ETL_criterios ---
[WARNING] Parameter 'localRepository' is deprecated core expression; Avoid use of ArtifactRepository type. If you need access to local repository, switch to '${repositorySystemSession}' expression and get LRM from it instead.
[INFO] Tests are skipped.
[INFO] 
[INFO] --- jar:3.3.0:jar (default-jar) @ ETL_criterios ---
[INFO] Building jar: D:\ETL\TOS_ESB-Studio-20240722_1936-V8.8.8SNAPSHOT\TOS_ESB-Studio-20240722_1936-V8.8.8SNAPSHOT\workspace\AFI_EXTINCION\AFI_EXTINCION\poms\jobs\process\EXD_CRITERIOS\etl_criterios_1.1\target\etl_criterios_1_1.jar
[INFO] 
[INFO] --- assembly:3.6.0:single (default) @ ETL_criterios ---
[INFO] Reading assembly descriptor: D:\ETL\TOS_ESB-Studio-20240722_1936-V8.8.8SNAPSHOT\TOS_ESB-Studio-20240722_1936-V8.8.8SNAPSHOT\workspace\AFI_EXTINCION\AFI_EXTINCION\poms\jobs\process\EXD_CRITERIOS\etl_criterios_1.1/src/main/assemblies/assembly.xml
[INFO] Building zip: D:\ETL\TOS_ESB-Studio-20240722_1936-V8.8.8SNAPSHOT\TOS_ESB-Studio-20240722_1936-V8.8.8SNAPSHOT\workspace\AFI_EXTINCION\AFI_EXTINCION\poms\jobs\process\EXD_CRITERIOS\etl_criterios_1.1\target\etl_criterios_1_1.zip
[INFO] ------------------------------------------------------------------------
[INFO] BUILD SUCCESS
[INFO] ------------------------------------------------------------------------
[INFO] Total time:  3.075 s
[INFO] Finished at: 2024-10-28T11:16:48-05:00
[INFO] ------------------------------------------------------------------------
