[INFO] Scanning for projects...
[INFO] 
[INFO] ----------< org.example.rep_consolidados_f5.job:Consolidados >----------
[INFO] Building REP_CONSOLIDADOS_F5 Consolidados-1.27.0 (1.27,Job Designs) 1.27.0
[INFO]   from pom.xml
[INFO] --------------------------------[ jar ]---------------------------------
[WARNING] The POM for org.talend.components:talendcsv:jar:1.1.0 is missing, no dependency information available
[INFO] 
[INFO] --- resources:3.3.1:resources (default-resources) @ Consolidados ---
[WARNING] Using platform encoding (UTF-8 actually) to copy filtered resources, i.e. build is platform dependent!
[INFO] Copying 1 resource from src\main\resources to target\classes
[INFO] 
[INFO] --- compiler:3.11.0:compile (default-compile) @ Consolidados ---
[INFO] Not compiling main sources
[INFO] 
[INFO] --- resources:3.3.1:testResources (default-testResources) @ Consolidados ---
[INFO] Not copying test resources
[INFO] 
[INFO] --- compiler:3.11.0:testCompile (default-testCompile) @ Consolidados ---
[INFO] Not compiling test sources
[INFO] 
[INFO] --- surefire:2.22.2:test (default-test) @ Consolidados ---
[WARNING] Parameter 'localRepository' is deprecated core expression; Avoid use of ArtifactRepository type. If you need access to local repository, switch to '${repositorySystemSession}' expression and get LRM from it instead.
[INFO] Tests are skipped.
[INFO] 
[INFO] --- jar:3.3.0:jar (default-jar) @ Consolidados ---
[INFO] Building jar: D:\ETL\TOS_ESB-Studio-20240722_1936-V8.8.8SNAPSHOT\TOS_ESB-Studio-20240722_1936-V8.8.8SNAPSHOT\workspace\REP_CONSOLIDADOS_F5\REP_CONSOLIDADOS_F5\poms\jobs\process\Consolidados\consolidados_1.27\target\consolidados_1_27.jar
[INFO] 
[INFO] --- assembly:3.6.0:single (default) @ Consolidados ---
[INFO] Reading assembly descriptor: D:\ETL\TOS_ESB-Studio-20240722_1936-V8.8.8SNAPSHOT\TOS_ESB-Studio-20240722_1936-V8.8.8SNAPSHOT\workspace\REP_CONSOLIDADOS_F5\REP_CONSOLIDADOS_F5\poms\jobs\process\Consolidados\consolidados_1.27/src/main/assemblies/assembly.xml
[INFO] Building zip: D:\ETL\TOS_ESB-Studio-20240722_1936-V8.8.8SNAPSHOT\TOS_ESB-Studio-20240722_1936-V8.8.8SNAPSHOT\workspace\REP_CONSOLIDADOS_F5\REP_CONSOLIDADOS_F5\poms\jobs\process\Consolidados\consolidados_1.27\target\consolidados_1_27.zip
[INFO] ------------------------------------------------------------------------
[INFO] BUILD SUCCESS
[INFO] ------------------------------------------------------------------------
[INFO] Total time:  5.883 s
[INFO] Finished at: 2024-11-04T21:57:52-05:00
[INFO] ------------------------------------------------------------------------
