2024-08-05 07:27:09,207 INFO  org.talend.commons.utils.time.TimeMeasurePerformance  -   Start 'logOnProject', logon project name 'SOPE_GENERADOR_SOPORTE' ...
2024-08-05 07:27:09,729 INFO  org.talend.commons.utils.time.TimeMeasurePerformance  -   -> 'logOnProject', step name 'Install components', elapsed time since previous step: 519 ms
2024-08-05 07:27:09,731 INFO  org.talend.commons.utils.time.TimeMeasurePerformance  -   -> 'logOnProject', step name 'beforeLogon', elapsed time since previous step: 5 ms
2024-08-05 07:27:10,239 INFO  org.talend.commons.utils.time.TimeMeasurePerformance  -   -> 'logOnProject', step name 'Sync components libraries', elapsed time since previous step: 508 ms
2024-08-05 07:27:10,248 INFO  org.talend.commons.utils.time.TimeMeasurePerformance  -   -> 'logOnProject', step name 'executeMigrations(beforeLogonTasks)', elapsed time since previous step: 9 ms
2024-08-05 07:27:10,761 INFO  org.talend.commons.utils.time.TimeMeasurePerformance  -   -> 'logOnProject', step name 'logOnProject', elapsed time since previous step: 513 ms
2024-08-05 07:27:10,934 INFO  org.talend.commons.utils.time.TimeMeasurePerformance  -   -> 'logOnProject', step name 'executeMigrations(afterLogonTasks)', elapsed time since previous step: 173 ms
2024-08-05 07:27:10,943 INFO  org.talend.commons.utils.time.TimeMeasurePerformance  -   -> 'logOnProject', step name 'clean Java project', elapsed time since previous step: 9 ms
2024-08-05 07:27:10,954 INFO  org.talend.commons.utils.time.TimeMeasurePerformance  -   -> 'logOnProject', step name 'clean workspace history', elapsed time since previous step: 11 ms
2024-08-05 07:27:10,977 INFO  org.talend.commons.utils.time.TimeMeasurePerformance  -   -> 'logOnProject', step name 'sync log4j', elapsed time since previous step: 23 ms
2024-08-05 07:27:10,978 INFO  org.talend.commons.utils.time.TimeMeasurePerformance  -   End 'logOnProject', elapsed time since last request: 23 ms 
2024-08-05 07:27:10,979 INFO  org.talend.commons.utils.time.TimeMeasurePerformance  -   End 'logOnProject', total elapsed time: 1772 ms 
2024-08-05 07:27:15,772 INFO  org.talend.commons.utils.time.TimeMeasurePerformance  - Warning (end): timer logOnProject does'nt exist
2024-08-05 07:27:33,224 INFO  org.talend.commons.utils.time.TimeMeasurePerformance  - Warning (end): timer logOnProject does'nt exist
2024-10-28 11:58:38,781 INFO  org.talend.commons.utils.time.TimeMeasurePerformance  -   Start 'logOnProject', logon project name 'SOPE_GENERADOR_SOPORTE' ...
2024-10-28 11:58:39,493 INFO  org.talend.commons.utils.time.TimeMeasurePerformance  -   -> 'logOnProject', step name 'Install components', elapsed time since previous step: 703 ms
2024-10-28 11:58:39,493 INFO  org.talend.commons.utils.time.TimeMeasurePerformance  -   -> 'logOnProject', step name 'beforeLogon', elapsed time since previous step: 9 ms
2024-10-28 11:58:40,404 INFO  org.talend.commons.utils.time.TimeMeasurePerformance  -   -> 'logOnProject', step name 'Sync components libraries', elapsed time since previous step: 911 ms
2024-10-28 11:58:40,427 INFO  org.talend.commons.utils.time.TimeMeasurePerformance  -   -> 'logOnProject', step name 'executeMigrations(beforeLogonTasks)', elapsed time since previous step: 23 ms
2024-10-28 11:58:41,656 INFO  org.talend.commons.utils.time.TimeMeasurePerformance  -   -> 'logOnProject', step name 'logOnProject', elapsed time since previous step: 1229 ms
2024-10-28 11:58:41,824 INFO  org.talend.commons.utils.time.TimeMeasurePerformance  -   -> 'logOnProject', step name 'executeMigrations(afterLogonTasks)', elapsed time since previous step: 168 ms
2024-10-28 11:58:42,382 INFO  org.talend.commons.utils.time.TimeMeasurePerformance  -   -> 'logOnProject', step name 'clean Java project', elapsed time since previous step: 558 ms
2024-10-28 11:58:42,496 INFO  org.talend.commons.utils.time.TimeMeasurePerformance  -   -> 'logOnProject', step name 'clean workspace history', elapsed time since previous step: 114 ms
2024-10-28 11:58:42,508 INFO  org.talend.commons.utils.time.TimeMeasurePerformance  -   -> 'logOnProject', step name 'sync log4j', elapsed time since previous step: 12 ms
2024-10-28 11:58:42,508 INFO  org.talend.commons.utils.time.TimeMeasurePerformance  -   End 'logOnProject', elapsed time since last request: 12 ms 
2024-10-28 11:58:42,508 INFO  org.talend.commons.utils.time.TimeMeasurePerformance  -   End 'logOnProject', total elapsed time: 3727 ms 
2024-10-28 11:58:44,511 INFO  org.talend.commons.utils.time.TimeMeasurePerformance  - Warning (end): timer logOnProject does'nt exist
2024-10-28 11:58:54,386 INFO  org.talend.commons.utils.time.TimeMeasurePerformance  - Warning (end): timer logOnProject does'nt exist
