[INFO] Scanning for projects...
[INFO] 
[INFO] ------------------< org.example.acm_actas.job:Actas >-------------------
[INFO] Building ACM_ACTAS Actas-0.1.0 (0.1,Job Designs) 0.1.0
[INFO]   from pom.xml
[INFO] --------------------------------[ jar ]---------------------------------
[WARNING] The POM for commons-codec:commons-codec:jar:1.14 is missing, no dependency information available
[WARNING] The POM for org.apache.commons:commons-lang3:jar:3.10 is missing, no dependency information available
[WARNING] The POM for org.talend.components.lib:talend-proxy:jar:1.0.2 is missing, no dependency information available
[WARNING] The POM for org.talend.components:talendcsv:jar:1.1.0 is missing, no dependency information available
[INFO] 
[INFO] --- resources:3.3.1:resources (default-resources) @ Actas ---
[WARNING] Using platform encoding (UTF-8 actually) to copy filtered resources, i.e. build is platform dependent!
[INFO] Copying 1 resource from src\main\resources to target\classes
[INFO] 
[INFO] --- compiler:3.11.0:compile (default-compile) @ Actas ---
[INFO] Not compiling main sources
[INFO] 
[INFO] --- resources:3.3.1:testResources (default-testResources) @ Actas ---
[INFO] Not copying test resources
[INFO] 
[INFO] --- compiler:3.11.0:testCompile (default-testCompile) @ Actas ---
[INFO] Not compiling test sources
[INFO] 
[INFO] --- surefire:2.22.2:test (default-test) @ Actas ---
[WARNING] Parameter 'localRepository' is deprecated core expression; Avoid use of ArtifactRepository type. If you need access to local repository, switch to '${repositorySystemSession}' expression and get LRM from it instead.
[INFO] Tests are skipped.
[INFO] 
[INFO] --- jar:3.3.0:jar (default-jar) @ Actas ---
[INFO] Building jar: D:\ETL\TOS_ESB-Studio-20240722_1936-V8.8.8SNAPSHOT\TOS_ESB-Studio-20240722_1936-V8.8.8SNAPSHOT\workspace\ACM_ACTAS\ACM_ACTAS\poms\jobs\process\Actas\actas_0.1\target\actas_0_1.jar
[INFO] 
[INFO] --- assembly:3.6.0:single (default) @ Actas ---
[INFO] Reading assembly descriptor: D:\ETL\TOS_ESB-Studio-20240722_1936-V8.8.8SNAPSHOT\TOS_ESB-Studio-20240722_1936-V8.8.8SNAPSHOT\workspace\ACM_ACTAS\ACM_ACTAS\poms\jobs\process\Actas\actas_0.1/src/main/assemblies/assembly.xml
[INFO] Building zip: D:\ETL\TOS_ESB-Studio-20240722_1936-V8.8.8SNAPSHOT\TOS_ESB-Studio-20240722_1936-V8.8.8SNAPSHOT\workspace\ACM_ACTAS\ACM_ACTAS\poms\jobs\process\Actas\actas_0.1\target\actas_0_1.zip
[INFO] ------------------------------------------------------------------------
[INFO] BUILD SUCCESS
[INFO] ------------------------------------------------------------------------
[INFO] Total time:  3.392 s
[INFO] Finished at: 2024-11-01T01:06:13-05:00
[INFO] ------------------------------------------------------------------------
