2024-09-03 15:22:53,755 INFO  org.talend.commons.utils.time.TimeMeasurePerformance  -   Start 'logOnProject', logon project name 'AFI_NUEVAS_AFILIACIONES' ...
2024-09-03 15:22:54,322 INFO  org.talend.commons.utils.time.TimeMeasurePerformance  -   -> 'logOnProject', step name 'Install components', elapsed time since previous step: 564 ms
2024-09-03 15:22:54,326 INFO  org.talend.commons.utils.time.TimeMeasurePerformance  -   -> 'logOnProject', step name 'beforeLogon', elapsed time since previous step: 7 ms
2024-09-03 15:22:54,990 INFO  org.talend.commons.utils.time.TimeMeasurePerformance  -   -> 'logOnProject', step name 'Sync components libraries', elapsed time since previous step: 664 ms
2024-09-03 15:22:55,002 INFO  org.talend.commons.utils.time.TimeMeasurePerformance  -   -> 'logOnProject', step name 'executeMigrations(beforeLogonTasks)', elapsed time since previous step: 12 ms
2024-09-03 15:22:55,594 INFO  org.talend.commons.utils.time.TimeMeasurePerformance  -   -> 'logOnProject', step name 'logOnProject', elapsed time since previous step: 592 ms
2024-09-03 15:22:55,799 INFO  org.talend.commons.utils.time.TimeMeasurePerformance  -   -> 'logOnProject', step name 'executeMigrations(afterLogonTasks)', elapsed time since previous step: 205 ms
2024-09-03 15:22:55,809 INFO  org.talend.commons.utils.time.TimeMeasurePerformance  -   -> 'logOnProject', step name 'clean Java project', elapsed time since previous step: 10 ms
2024-09-03 15:22:55,822 INFO  org.talend.commons.utils.time.TimeMeasurePerformance  -   -> 'logOnProject', step name 'clean workspace history', elapsed time since previous step: 13 ms
2024-09-03 15:22:55,887 INFO  org.talend.commons.utils.time.TimeMeasurePerformance  -   -> 'logOnProject', step name 'sync log4j', elapsed time since previous step: 65 ms
2024-09-03 15:22:55,889 INFO  org.talend.commons.utils.time.TimeMeasurePerformance  -   End 'logOnProject', elapsed time since last request: 65 ms 
2024-09-03 15:22:55,889 INFO  org.talend.commons.utils.time.TimeMeasurePerformance  -   End 'logOnProject', total elapsed time: 2134 ms 
2024-09-03 15:23:01,505 INFO  org.talend.commons.utils.time.TimeMeasurePerformance  - Warning (end): timer logOnProject does'nt exist
2024-09-03 15:23:20,633 INFO  org.talend.commons.utils.time.TimeMeasurePerformance  - Warning (end): timer logOnProject does'nt exist
2024-10-28 11:21:20,403 INFO  org.talend.commons.utils.time.TimeMeasurePerformance  -   Start 'logOnProject', logon project name 'AFI_NUEVAS_AFILIACIONES' ...
2024-10-28 11:21:21,126 INFO  org.talend.commons.utils.time.TimeMeasurePerformance  -   -> 'logOnProject', step name 'Install components', elapsed time since previous step: 713 ms
2024-10-28 11:21:21,126 INFO  org.talend.commons.utils.time.TimeMeasurePerformance  -   -> 'logOnProject', step name 'beforeLogon', elapsed time since previous step: 10 ms
2024-10-28 11:21:21,893 INFO  org.talend.commons.utils.time.TimeMeasurePerformance  -   -> 'logOnProject', step name 'Sync components libraries', elapsed time since previous step: 767 ms
2024-10-28 11:21:21,904 INFO  org.talend.commons.utils.time.TimeMeasurePerformance  -   -> 'logOnProject', step name 'executeMigrations(beforeLogonTasks)', elapsed time since previous step: 11 ms
2024-10-28 11:21:23,218 INFO  org.talend.commons.utils.time.TimeMeasurePerformance  -   -> 'logOnProject', step name 'logOnProject', elapsed time since previous step: 1314 ms
2024-10-28 11:21:23,428 INFO  org.talend.commons.utils.time.TimeMeasurePerformance  -   -> 'logOnProject', step name 'executeMigrations(afterLogonTasks)', elapsed time since previous step: 210 ms
2024-10-28 11:21:23,881 INFO  org.talend.commons.utils.time.TimeMeasurePerformance  -   -> 'logOnProject', step name 'clean Java project', elapsed time since previous step: 453 ms
2024-10-28 11:21:23,929 INFO  org.talend.commons.utils.time.TimeMeasurePerformance  -   -> 'logOnProject', step name 'clean workspace history', elapsed time since previous step: 48 ms
2024-10-28 11:21:23,929 INFO  org.talend.commons.utils.time.TimeMeasurePerformance  -   -> 'logOnProject', step name 'sync log4j', elapsed time since previous step: 0 ms
2024-10-28 11:21:23,929 INFO  org.talend.commons.utils.time.TimeMeasurePerformance  -   End 'logOnProject', elapsed time since last request: 0 ms 
2024-10-28 11:21:23,929 INFO  org.talend.commons.utils.time.TimeMeasurePerformance  -   End 'logOnProject', total elapsed time: 3526 ms 
2024-10-28 11:21:26,104 INFO  org.talend.commons.utils.time.TimeMeasurePerformance  - Warning (end): timer logOnProject does'nt exist
2024-10-28 11:21:37,530 INFO  org.talend.commons.utils.time.TimeMeasurePerformance  - Warning (end): timer logOnProject does'nt exist
