[INFO] Scanning for projects...
[INFO] 
[INFO] --< org.example.pts_actualizar_estado_pago.job:ActualizarEstadoPago >---
[INFO] Building PTS_ACTUALIZAR_ESTADO_PAGO ActualizarEstadoPago-0.3.0 (0.3,Job Designs) 0.3.0
[INFO]   from pom.xml
[INFO] --------------------------------[ jar ]---------------------------------
[WARNING] The POM for commons-codec:commons-codec:jar:1.14 is missing, no dependency information available
[WARNING] The POM for jakarta.xml.soap:jakarta.xml.soap-api:jar:1.4.2 is missing, no dependency information available
[WARNING] The POM for org.talend.components:talendcsv:jar:1.1.0 is missing, no dependency information available
[INFO] 
[INFO] --- resources:3.3.1:resources (default-resources) @ ActualizarEstadoPago ---
[WARNING] Using platform encoding (UTF-8 actually) to copy filtered resources, i.e. build is platform dependent!
[INFO] Copying 1 resource from src\main\resources to target\classes
[INFO] 
[INFO] --- compiler:3.11.0:compile (default-compile) @ ActualizarEstadoPago ---
[INFO] Not compiling main sources
[INFO] 
[INFO] --- resources:3.3.1:testResources (default-testResources) @ ActualizarEstadoPago ---
[INFO] Not copying test resources
[INFO] 
[INFO] --- compiler:3.11.0:testCompile (default-testCompile) @ ActualizarEstadoPago ---
[INFO] Not compiling test sources
[INFO] 
[INFO] --- surefire:2.22.2:test (default-test) @ ActualizarEstadoPago ---
[WARNING] Parameter 'localRepository' is deprecated core expression; Avoid use of ArtifactRepository type. If you need access to local repository, switch to '${repositorySystemSession}' expression and get LRM from it instead.
[INFO] Tests are skipped.
[INFO] 
[INFO] --- jar:3.3.0:jar (default-jar) @ ActualizarEstadoPago ---
[INFO] Building jar: D:\ETL\TOS_ESB-Studio-20240722_1936-V8.8.8SNAPSHOT\TOS_ESB-Studio-20240722_1936-V8.8.8SNAPSHOT\workspace\PTS_ACTUALIZAR_ESTADO_PAGO\PTS_ACTUALIZAR_ESTADO_PAGO\poms\jobs\process\PSE\actualizarestadopago_0.3\target\actualizarestadopago_0_3.jar
[INFO] 
[INFO] --- assembly:3.6.0:single (default) @ ActualizarEstadoPago ---
[INFO] Reading assembly descriptor: D:\ETL\TOS_ESB-Studio-20240722_1936-V8.8.8SNAPSHOT\TOS_ESB-Studio-20240722_1936-V8.8.8SNAPSHOT\workspace\PTS_ACTUALIZAR_ESTADO_PAGO\PTS_ACTUALIZAR_ESTADO_PAGO\poms\jobs\process\PSE\actualizarestadopago_0.3/src/main/assemblies/assembly.xml
[INFO] Building zip: D:\ETL\TOS_ESB-Studio-20240722_1936-V8.8.8SNAPSHOT\TOS_ESB-Studio-20240722_1936-V8.8.8SNAPSHOT\workspace\PTS_ACTUALIZAR_ESTADO_PAGO\PTS_ACTUALIZAR_ESTADO_PAGO\poms\jobs\process\PSE\actualizarestadopago_0.3\target\actualizarestadopago_0_3.zip
[INFO] ------------------------------------------------------------------------
[INFO] BUILD SUCCESS
[INFO] ------------------------------------------------------------------------
[INFO] Total time:  2.672 s
[INFO] Finished at: 2024-11-01T11:14:38-05:00
[INFO] ------------------------------------------------------------------------
