[INFO] Scanning for projects...
[INFO] 
[INFO] ----------< org.example.rep_medicamentos_f5.job:Medicamentos >----------
[INFO] Building REP_MEDICAMENTOS_F5 Medicamentos-3.9.0 (3.9,Job Designs) 3.9.0
[INFO]   from pom.xml
[INFO] --------------------------------[ jar ]---------------------------------
[WARNING] The POM for org.talend.components:talendcsv:jar:1.1.0 is missing, no dependency information available
[INFO] 
[INFO] --- resources:3.3.1:resources (default-resources) @ Medicamentos ---
[WARNING] Using platform encoding (UTF-8 actually) to copy filtered resources, i.e. build is platform dependent!
[INFO] Copying 1 resource from src\main\resources to target\classes
[INFO] 
[INFO] --- compiler:3.11.0:compile (default-compile) @ Medicamentos ---
[INFO] Not compiling main sources
[INFO] 
[INFO] --- resources:3.3.1:testResources (default-testResources) @ Medicamentos ---
[INFO] Not copying test resources
[INFO] 
[INFO] --- compiler:3.11.0:testCompile (default-testCompile) @ Medicamentos ---
[INFO] Not compiling test sources
[INFO] 
[INFO] --- surefire:2.22.2:test (default-test) @ Medicamentos ---
[WARNING] Parameter 'localRepository' is deprecated core expression; Avoid use of ArtifactRepository type. If you need access to local repository, switch to '${repositorySystemSession}' expression and get LRM from it instead.
[INFO] Tests are skipped.
[INFO] 
[INFO] --- jar:3.3.0:jar (default-jar) @ Medicamentos ---
[INFO] Building jar: D:\ETL\TOS_ESB-Studio-20240722_1936-V8.8.8SNAPSHOT\TOS_ESB-Studio-20240722_1936-V8.8.8SNAPSHOT\workspace\REP_MEDICAMENTOS_F5\REP_MEDICAMENTOS_F5\poms\jobs\process\Medicamentos\medicamentos_3.9\target\medicamentos_3_9.jar
[INFO] 
[INFO] --- assembly:3.6.0:single (default) @ Medicamentos ---
[INFO] Reading assembly descriptor: D:\ETL\TOS_ESB-Studio-20240722_1936-V8.8.8SNAPSHOT\TOS_ESB-Studio-20240722_1936-V8.8.8SNAPSHOT\workspace\REP_MEDICAMENTOS_F5\REP_MEDICAMENTOS_F5\poms\jobs\process\Medicamentos\medicamentos_3.9/src/main/assemblies/assembly.xml
[INFO] Building zip: D:\ETL\TOS_ESB-Studio-20240722_1936-V8.8.8SNAPSHOT\TOS_ESB-Studio-20240722_1936-V8.8.8SNAPSHOT\workspace\REP_MEDICAMENTOS_F5\REP_MEDICAMENTOS_F5\poms\jobs\process\Medicamentos\medicamentos_3.9\target\medicamentos_3_9.zip
[INFO] ------------------------------------------------------------------------
[INFO] BUILD SUCCESS
[INFO] ------------------------------------------------------------------------
[INFO] Total time:  3.748 s
[INFO] Finished at: 2024-11-01T15:48:31-05:00
[INFO] ------------------------------------------------------------------------
