[INFO] Scanning for projects...
[INFO] 
[INFO] ---------< org.example.rep_resolucion_4505.job:Resolucion4505 >---------
[INFO] Building REP_RESOLUCION_4505 Resolucion4505-1.0.0 (1.0,Job Designs) 1.0.0
[INFO]   from pom.xml
[INFO] --------------------------------[ jar ]---------------------------------
[WARNING] The POM for org.talend.components:talendcsv:jar:1.1.0 is missing, no dependency information available
[INFO] 
[INFO] --- resources:3.3.1:resources (default-resources) @ Resolucion4505 ---
[WARNING] Using platform encoding (UTF-8 actually) to copy filtered resources, i.e. build is platform dependent!
[INFO] Copying 1 resource from src\main\resources to target\classes
[INFO] 
[INFO] --- compiler:3.11.0:compile (default-compile) @ Resolucion4505 ---
[INFO] Not compiling main sources
[INFO] 
[INFO] --- resources:3.3.1:testResources (default-testResources) @ Resolucion4505 ---
[INFO] Not copying test resources
[INFO] 
[INFO] --- compiler:3.11.0:testCompile (default-testCompile) @ Resolucion4505 ---
[INFO] Not compiling test sources
[INFO] 
[INFO] --- surefire:2.22.2:test (default-test) @ Resolucion4505 ---
[WARNING] Parameter 'localRepository' is deprecated core expression; Avoid use of ArtifactRepository type. If you need access to local repository, switch to '${repositorySystemSession}' expression and get LRM from it instead.
[INFO] Tests are skipped.
[INFO] 
[INFO] --- jar:3.3.0:jar (default-jar) @ Resolucion4505 ---
[INFO] Building jar: D:\ETL\TOS_ESB-Studio-20240722_1936-V8.8.8SNAPSHOT\TOS_ESB-Studio-20240722_1936-V8.8.8SNAPSHOT\workspace\REP_RESOLUCION_4505\REP_RESOLUCION_4505\poms\jobs\process\R4505\resolucion4505_1.0\target\resolucion4505_1_0.jar
[INFO] 
[INFO] --- assembly:3.6.0:single (default) @ Resolucion4505 ---
[INFO] Reading assembly descriptor: D:\ETL\TOS_ESB-Studio-20240722_1936-V8.8.8SNAPSHOT\TOS_ESB-Studio-20240722_1936-V8.8.8SNAPSHOT\workspace\REP_RESOLUCION_4505\REP_RESOLUCION_4505\poms\jobs\process\R4505\resolucion4505_1.0/src/main/assemblies/assembly.xml
[INFO] Building zip: D:\ETL\TOS_ESB-Studio-20240722_1936-V8.8.8SNAPSHOT\TOS_ESB-Studio-20240722_1936-V8.8.8SNAPSHOT\workspace\REP_RESOLUCION_4505\REP_RESOLUCION_4505\poms\jobs\process\R4505\resolucion4505_1.0\target\resolucion4505_1_0.zip
[INFO] ------------------------------------------------------------------------
[INFO] BUILD SUCCESS
[INFO] ------------------------------------------------------------------------
[INFO] Total time:  4.887 s
[INFO] Finished at: 2024-11-04T16:08:53-05:00
[INFO] ------------------------------------------------------------------------
