[INFO] Scanning for projects...
[INFO] 
[INFO] --< org.example.odo_antecedentes_migrate.job:ODO_ANTECEDENTES_MIGRATE >--
[INFO] Building ODO_ANTECEDENTES_MIGRATE ODO_ANTECEDENTES_MIGRATE-0.1.0 (0.1,Job Designs) 0.1.0
[INFO]   from pom.xml
[INFO] --------------------------------[ jar ]---------------------------------
[WARNING] The POM for org.talend.components:talendcsv:jar:1.1.0 is missing, no dependency information available
[INFO] 
[INFO] --- resources:3.3.1:resources (default-resources) @ ODO_ANTECEDENTES_MIGRATE ---
[WARNING] Using platform encoding (UTF-8 actually) to copy filtered resources, i.e. build is platform dependent!
[INFO] Copying 1 resource from src\main\resources to target\classes
[INFO] 
[INFO] --- compiler:3.11.0:compile (default-compile) @ ODO_ANTECEDENTES_MIGRATE ---
[INFO] Not compiling main sources
[INFO] 
[INFO] --- resources:3.3.1:testResources (default-testResources) @ ODO_ANTECEDENTES_MIGRATE ---
[INFO] Not copying test resources
[INFO] 
[INFO] --- compiler:3.11.0:testCompile (default-testCompile) @ ODO_ANTECEDENTES_MIGRATE ---
[INFO] Not compiling test sources
[INFO] 
[INFO] --- surefire:2.22.2:test (default-test) @ ODO_ANTECEDENTES_MIGRATE ---
[WARNING] Parameter 'localRepository' is deprecated core expression; Avoid use of ArtifactRepository type. If you need access to local repository, switch to '${repositorySystemSession}' expression and get LRM from it instead.
[INFO] Tests are skipped.
[INFO] 
[INFO] --- jar:3.3.0:jar (default-jar) @ ODO_ANTECEDENTES_MIGRATE ---
[INFO] Building jar: D:\ETL\TOS_ESB-Studio-20240722_1936-V8.8.8SNAPSHOT\TOS_ESB-Studio-20240722_1936-V8.8.8SNAPSHOT\workspace\ODO_ANTECEDENTES_MIGRATE\ODO_ANTECEDENTES_MIGRATE\poms\jobs\process\odo_antecedentes_migrate_0.1\target\odo_antecedentes_migrate_0_1.jar
[INFO] 
[INFO] --- assembly:3.6.0:single (default) @ ODO_ANTECEDENTES_MIGRATE ---
[INFO] Reading assembly descriptor: D:\ETL\TOS_ESB-Studio-20240722_1936-V8.8.8SNAPSHOT\TOS_ESB-Studio-20240722_1936-V8.8.8SNAPSHOT\workspace\ODO_ANTECEDENTES_MIGRATE\ODO_ANTECEDENTES_MIGRATE\poms\jobs\process\odo_antecedentes_migrate_0.1/src/main/assemblies/assembly.xml
[INFO] Building zip: D:\ETL\TOS_ESB-Studio-20240722_1936-V8.8.8SNAPSHOT\TOS_ESB-Studio-20240722_1936-V8.8.8SNAPSHOT\workspace\ODO_ANTECEDENTES_MIGRATE\ODO_ANTECEDENTES_MIGRATE\poms\jobs\process\odo_antecedentes_migrate_0.1\target\odo_antecedentes_migrate_0_1.zip
[INFO] ------------------------------------------------------------------------
[INFO] BUILD SUCCESS
[INFO] ------------------------------------------------------------------------
[INFO] Total time:  2.854 s
[INFO] Finished at: 2024-11-01T11:04:49-05:00
[INFO] ------------------------------------------------------------------------
