[INFO] Scanning for projects...
[INFO] 
[INFO] -------< org.example.acm_control_auditoria.job:ControlAuditoria >-------
[INFO] Building ACM_CONTROL_AUDITORIA ControlAuditoria-1.0.0 (1.0,Job Designs) 1.0.0
[INFO]   from pom.xml
[INFO] --------------------------------[ jar ]---------------------------------
[WARNING] The POM for org.talend.components:talendcsv:jar:1.1.0 is missing, no dependency information available
[INFO] 
[INFO] --- resources:3.3.1:resources (default-resources) @ ControlAuditoria ---
[WARNING] Using platform encoding (UTF-8 actually) to copy filtered resources, i.e. build is platform dependent!
[INFO] Copying 1 resource from src\main\resources to target\classes
[INFO] 
[INFO] --- compiler:3.11.0:compile (default-compile) @ ControlAuditoria ---
[INFO] Not compiling main sources
[INFO] 
[INFO] --- resources:3.3.1:testResources (default-testResources) @ ControlAuditoria ---
[INFO] Not copying test resources
[INFO] 
[INFO] --- compiler:3.11.0:testCompile (default-testCompile) @ ControlAuditoria ---
[INFO] Not compiling test sources
[INFO] 
[INFO] --- surefire:2.22.2:test (default-test) @ ControlAuditoria ---
[WARNING] Parameter 'localRepository' is deprecated core expression; Avoid use of ArtifactRepository type. If you need access to local repository, switch to '${repositorySystemSession}' expression and get LRM from it instead.
[INFO] Tests are skipped.
[INFO] 
[INFO] --- jar:3.3.0:jar (default-jar) @ ControlAuditoria ---
[INFO] Building jar: D:\ETL\TOS_ESB-Studio-20240722_1936-V8.8.8SNAPSHOT\TOS_ESB-Studio-20240722_1936-V8.8.8SNAPSHOT\workspace\ACM_CONTROL_AUDITORIA\ACM_CONTROL_AUDITORIA\poms\jobs\process\controlauditoria_1.0\target\controlauditoria_1_0.jar
[INFO] 
[INFO] --- assembly:3.6.0:single (default) @ ControlAuditoria ---
[INFO] Reading assembly descriptor: D:\ETL\TOS_ESB-Studio-20240722_1936-V8.8.8SNAPSHOT\TOS_ESB-Studio-20240722_1936-V8.8.8SNAPSHOT\workspace\ACM_CONTROL_AUDITORIA\ACM_CONTROL_AUDITORIA\poms\jobs\process\controlauditoria_1.0/src/main/assemblies/assembly.xml
[INFO] Building zip: D:\ETL\TOS_ESB-Studio-20240722_1936-V8.8.8SNAPSHOT\TOS_ESB-Studio-20240722_1936-V8.8.8SNAPSHOT\workspace\ACM_CONTROL_AUDITORIA\ACM_CONTROL_AUDITORIA\poms\jobs\process\controlauditoria_1.0\target\controlauditoria_1_0.zip
[INFO] ------------------------------------------------------------------------
[INFO] BUILD SUCCESS
[INFO] ------------------------------------------------------------------------
[INFO] Total time:  2.856 s
[INFO] Finished at: 2024-11-01T01:30:57-05:00
[INFO] ------------------------------------------------------------------------
