[INFO] Scanning for projects...
[INFO] 
[INFO] ------< org.example.vac_vacunas_por_aplicar.job:VacunasxAplicar >-------
[INFO] Building VAC_VACUNAS_POR_APLICAR VacunasxAplicar-0.4.0 (0.4,Job Designs) 0.4.0
[INFO]   from pom.xml
[INFO] --------------------------------[ jar ]---------------------------------
[WARNING] The POM for org.talend.components:talendcsv:jar:1.1.0 is missing, no dependency information available
[INFO] 
[INFO] --- resources:3.3.1:resources (default-resources) @ VacunasxAplicar ---
[WARNING] Using platform encoding (UTF-8 actually) to copy filtered resources, i.e. build is platform dependent!
[INFO] Copying 1 resource from src\main\resources to target\classes
[INFO] 
[INFO] --- compiler:3.11.0:compile (default-compile) @ VacunasxAplicar ---
[INFO] Not compiling main sources
[INFO] 
[INFO] --- resources:3.3.1:testResources (default-testResources) @ VacunasxAplicar ---
[INFO] Not copying test resources
[INFO] 
[INFO] --- compiler:3.11.0:testCompile (default-testCompile) @ VacunasxAplicar ---
[INFO] Not compiling test sources
[INFO] 
[INFO] --- surefire:2.22.2:test (default-test) @ VacunasxAplicar ---
[WARNING] Parameter 'localRepository' is deprecated core expression; Avoid use of ArtifactRepository type. If you need access to local repository, switch to '${repositorySystemSession}' expression and get LRM from it instead.
[INFO] Tests are skipped.
[INFO] 
[INFO] --- jar:3.3.0:jar (default-jar) @ VacunasxAplicar ---
[INFO] Building jar: D:\ETL\TOS_ESB-Studio-20240722_1936-V8.8.8SNAPSHOT\TOS_ESB-Studio-20240722_1936-V8.8.8SNAPSHOT\workspace\VAC_VACUNAS_POR_APLICAR\VAC_VACUNAS_POR_APLICAR\poms\jobs\process\VAC\vacunasxaplicar_0.4\target\vacunasxaplicar_0_4.jar
[INFO] 
[INFO] --- assembly:3.6.0:single (default) @ VacunasxAplicar ---
[INFO] Reading assembly descriptor: D:\ETL\TOS_ESB-Studio-20240722_1936-V8.8.8SNAPSHOT\TOS_ESB-Studio-20240722_1936-V8.8.8SNAPSHOT\workspace\VAC_VACUNAS_POR_APLICAR\VAC_VACUNAS_POR_APLICAR\poms\jobs\process\VAC\vacunasxaplicar_0.4/src/main/assemblies/assembly.xml
[INFO] Building zip: D:\ETL\TOS_ESB-Studio-20240722_1936-V8.8.8SNAPSHOT\TOS_ESB-Studio-20240722_1936-V8.8.8SNAPSHOT\workspace\VAC_VACUNAS_POR_APLICAR\VAC_VACUNAS_POR_APLICAR\poms\jobs\process\VAC\vacunasxaplicar_0.4\target\vacunasxaplicar_0_4.zip
[INFO] ------------------------------------------------------------------------
[INFO] BUILD SUCCESS
[INFO] ------------------------------------------------------------------------
[INFO] Total time:  2.572 s
[INFO] Finished at: 2024-11-01T00:55:18-05:00
[INFO] ------------------------------------------------------------------------
